0 info it worked if it ends with ok
1 verbose cli [ 'node', '/usr/local/bin/npm', 'install', '-g', 'eslint' ]
2 info using npm@1.4.28
3 info using node@v0.10.35
4 verbose cache add [ 'eslint', null ]
5 verbose cache add name=undefined spec="eslint" args=["eslint",null]
6 verbose parsed url { protocol: null,
6 verbose parsed url   slashes: null,
6 verbose parsed url   auth: null,
6 verbose parsed url   host: null,
6 verbose parsed url   port: null,
6 verbose parsed url   hostname: null,
6 verbose parsed url   hash: null,
6 verbose parsed url   search: null,
6 verbose parsed url   query: null,
6 verbose parsed url   pathname: 'eslint',
6 verbose parsed url   path: 'eslint',
6 verbose parsed url   href: 'eslint' }
7 silly lockFile e0b0b266-eslint eslint
8 verbose lock eslint /Users/sullivanvalaer/.npm/e0b0b266-eslint.lock
9 silly lockFile e0b0b266-eslint eslint
10 silly lockFile e0b0b266-eslint eslint
11 verbose addNamed [ 'eslint', '' ]
12 verbose addNamed [ null, '*' ]
13 silly lockFile 62e46387-eslint eslint@
14 verbose lock eslint@ /Users/sullivanvalaer/.npm/62e46387-eslint.lock
15 silly addNameRange { name: 'eslint', range: '*', hasData: false }
16 verbose request where is /eslint
17 verbose request registry https://registry.npmjs.org/
18 verbose request id d135111f9bb4a391
19 verbose url raw /eslint
20 verbose url resolving [ 'https://registry.npmjs.org/', './eslint' ]
21 verbose url resolved https://registry.npmjs.org/eslint
22 verbose request where is https://registry.npmjs.org/eslint
23 info trying registry request attempt 1 at 09:22:57
24 verbose etag "3HECRACGK9SZAHICO6N1Q9D1O"
25 http GET https://registry.npmjs.org/eslint
26 http 304 https://registry.npmjs.org/eslint
27 silly registry.get cb [ 304,
27 silly registry.get   { date: 'Tue, 10 Feb 2015 17:22:57 GMT',
27 silly registry.get     server: 'Apache',
27 silly registry.get     via: '1.1 varnish',
27 silly registry.get     'last-modified': 'Tue, 10 Feb 2015 17:22:57 GMT',
27 silly registry.get     'cache-control': 'max-age=60',
27 silly registry.get     etag: '"3HECRACGK9SZAHICO6N1Q9D1O"',
27 silly registry.get     age: '54',
27 silly registry.get     'x-served-by': 'cache-lax1435-LAX',
27 silly registry.get     'x-cache': 'HIT',
27 silly registry.get     'x-cache-hits': '1',
27 silly registry.get     'x-timer': 'S1423588977.776291,VS0,VE0',
27 silly registry.get     vary: 'Accept',
27 silly registry.get     'content-length': '0',
27 silly registry.get     'keep-alive': 'timeout=10, max=50',
27 silly registry.get     connection: 'Keep-Alive' } ]
28 verbose etag https://registry.npmjs.org/eslint from cache
29 silly addNameRange number 2 { name: 'eslint', range: '*', hasData: true }
30 silly addNameRange versions [ 'eslint',
30 silly addNameRange   [ '0.0.4',
30 silly addNameRange     '0.0.5',
30 silly addNameRange     '0.0.6',
30 silly addNameRange     '0.0.7',
30 silly addNameRange     '0.1.0-dev',
30 silly addNameRange     '0.1.0',
30 silly addNameRange     '0.1.1',
30 silly addNameRange     '0.1.2',
30 silly addNameRange     '0.1.3',
30 silly addNameRange     '0.1.4',
30 silly addNameRange     '0.2.0',
30 silly addNameRange     '0.3.0',
30 silly addNameRange     '0.4.0',
30 silly addNameRange     '0.4.1',
30 silly addNameRange     '0.4.2',
30 silly addNameRange     '0.4.3',
30 silly addNameRange     '0.4.4',
30 silly addNameRange     '0.4.5',
30 silly addNameRange     '0.5.0',
30 silly addNameRange     '0.5.1',
30 silly addNameRange     '0.6.0',
30 silly addNameRange     '0.6.1',
30 silly addNameRange     '0.6.2',
30 silly addNameRange     '0.7.1',
30 silly addNameRange     '0.7.2',
30 silly addNameRange     '0.7.3',
30 silly addNameRange     '0.7.4',
30 silly addNameRange     '0.8.0',
30 silly addNameRange     '0.8.1',
30 silly addNameRange     '0.8.2',
30 silly addNameRange     '0.9.0',
30 silly addNameRange     '0.9.1',
30 silly addNameRange     '0.9.2',
30 silly addNameRange     '0.10.0-alpha',
30 silly addNameRange     '0.10.0-alpha.1',
30 silly addNameRange     '0.10.0-alpha.2',
30 silly addNameRange     '0.10.0',
30 silly addNameRange     '0.11.0-alpha.0',
30 silly addNameRange     '0.10.1',
30 silly addNameRange     '0.10.2',
30 silly addNameRange     '0.11.0',
30 silly addNameRange     '0.12.0',
30 silly addNameRange     '0.13.0',
30 silly addNameRange     '0.14.0',
30 silly addNameRange     '0.14.1' ] ]
31 verbose addNamed [ 'eslint', '0.14.1' ]
32 verbose addNamed [ '0.14.1', '0.14.1' ]
33 silly lockFile 35d2d821-eslint-0-14-1 eslint@0.14.1
34 verbose lock eslint@0.14.1 /Users/sullivanvalaer/.npm/35d2d821-eslint-0-14-1.lock
35 silly lockFile 35d2d821-eslint-0-14-1 eslint@0.14.1
36 silly lockFile 35d2d821-eslint-0-14-1 eslint@0.14.1
37 silly lockFile 62e46387-eslint eslint@
38 silly lockFile 62e46387-eslint eslint@
39 silly resolved [ { name: 'eslint',
39 silly resolved     version: '0.14.1',
39 silly resolved     author:
39 silly resolved      { name: 'Nicholas C. Zakas',
39 silly resolved        email: 'nicholas+npm@nczconsulting.com' },
39 silly resolved     description: 'An AST-based pattern checker for JavaScript.',
39 silly resolved     bin: { eslint: './bin/eslint.js' },
39 silly resolved     main: './lib/api.js',
39 silly resolved     scripts:
39 silly resolved      { test: 'node Makefile.js test',
39 silly resolved        lint: 'node Makefile.js lint',
39 silly resolved        patch: 'node Makefile.js patch',
39 silly resolved        minor: 'node Makefile.js minor',
39 silly resolved        major: 'node Makefile.js major',
39 silly resolved        docs: 'node Makefile.js docs',
39 silly resolved        gensite: 'node Makefile.js gensite',
39 silly resolved        browserify: 'node Makefile.js browserify',
39 silly resolved        perf: 'node Makefile.js perf',
39 silly resolved        profile: 'beefy tests/bench/bench.js --open -- -t brfs -t ./tests/bench/xform-rules.js',
39 silly resolved        coveralls: 'cat ./coverage/lcov.info | coveralls' },
39 silly resolved     files: [ 'LICENSE', 'README.md', 'bin', 'conf', 'lib' ],
39 silly resolved     repository: { type: 'git', url: 'https://github.com/eslint/eslint' },
39 silly resolved     homepage: 'http://eslint.org',
39 silly resolved     bugs: { url: 'https://github.com/eslint/eslint/issues/' },
39 silly resolved     dependencies:
39 silly resolved      { chalk: '~0.5.1',
39 silly resolved        'concat-stream': '^1.4.6',
39 silly resolved        debug: '^2.1.1',
39 silly resolved        doctrine: '^0.6.2',
39 silly resolved        'escape-string-regexp': '^1.0.2',
39 silly resolved        escope: '^2.0.4',
39 silly resolved        espree: '^1.8.1',
39 silly resolved        estraverse: '^1.9.1',
39 silly resolved        'estraverse-fb': '^1.3.0',
39 silly resolved        globals: '^6.1.0',
39 silly resolved        'js-yaml': '^3.2.5',
39 silly resolved        minimatch: '^2.0.1',
39 silly resolved        mkdirp: '^0.5.0',
39 silly resolved        'object-assign': '^2.0.0',
39 silly resolved        optionator: '^0.5.0',
39 silly resolved        'strip-json-comments': '~1.0.1',
39 silly resolved        'text-table': '~0.2.0',
39 silly resolved        'user-home': '^1.0.0',
39 silly resolved        'xml-escape': '~1.0.0' },
39 silly resolved     devDependencies:
39 silly resolved      { beefy: '^1.0.0',
39 silly resolved        brfs: '0.0.9',
39 silly resolved        browserify: '^8.1.3',
39 silly resolved        chai: '^1.9.1',
39 silly resolved        coveralls: '2.11.2',
39 silly resolved        dateformat: '^1.0.8',
39 silly resolved        'esprima-fb': '^10001.1.0-dev-harmony-fb',
39 silly resolved        'eslint-tester': '^0.6.0',
39 silly resolved        istanbul: '^0.3.5',
39 silly resolved        jsdoc: '^3.3.0-beta1',
39 silly resolved        jsonlint: '^1.6.2',
39 silly resolved        mocha: '^2.1.0',
39 silly resolved        'mocha-phantomjs': '^3.5.0',
39 silly resolved        'npm-license': '^0.2.3',
39 silly resolved        phantomjs: '^1.9.9',
39 silly resolved        proxyquire: '^1.0.0',
39 silly resolved        semver: '^4.1.0',
39 silly resolved        shelljs: '^0.3.0',
39 silly resolved        'shelljs-nodecli': '~0.1.0',
39 silly resolved        sinon: '^1.12.2',
39 silly resolved        through: '^2.3.6' },
39 silly resolved     keywords: [ 'ast', 'lint', 'javascript', 'ecmascript', 'espree' ],
39 silly resolved     preferGlobal: true,
39 silly resolved     license: 'MIT',
39 silly resolved     engines: { node: '>=0.10' },
39 silly resolved     gitHead: '5fa62c0fcc6e362491ab6b3202bd8ce2de184108',
39 silly resolved     _id: 'eslint@0.14.1',
39 silly resolved     _shasum: '2a08811ca094ff85cafcd42acafa7405d7f11500',
39 silly resolved     _from: 'eslint@',
39 silly resolved     _npmVersion: '1.4.28',
39 silly resolved     _npmUser: { name: 'nzakas', email: 'nicholas@nczconsulting.com' },
39 silly resolved     maintainers: [ [Object] ],
39 silly resolved     dist:
39 silly resolved      { shasum: '2a08811ca094ff85cafcd42acafa7405d7f11500',
39 silly resolved        tarball: 'http://registry.npmjs.org/eslint/-/eslint-0.14.1.tgz' },
39 silly resolved     directories: {},
39 silly resolved     _resolved: 'https://registry.npmjs.org/eslint/-/eslint-0.14.1.tgz',
39 silly resolved     readme: 'ERROR: No README data found!' } ]
40 info install eslint@0.14.1 into /usr/local/lib
41 info installOne eslint@0.14.1
42 verbose lib/node_modules/eslint unbuild
43 verbose tar unpack /Users/sullivanvalaer/.npm/eslint/0.14.1/package.tgz
44 silly lockFile 8a7fbfa2-sr-local-lib-node-modules-eslint tar:///usr/local/lib/node_modules/eslint
45 verbose lock tar:///usr/local/lib/node_modules/eslint /Users/sullivanvalaer/.npm/8a7fbfa2-sr-local-lib-node-modules-eslint.lock
46 silly lockFile cafa6578-er-npm-eslint-0-14-1-package-tgz tar:///Users/sullivanvalaer/.npm/eslint/0.14.1/package.tgz
47 verbose lock tar:///Users/sullivanvalaer/.npm/eslint/0.14.1/package.tgz /Users/sullivanvalaer/.npm/cafa6578-er-npm-eslint-0-14-1-package-tgz.lock
48 silly gunzTarPerm modes [ '755', '644' ]
49 error Error: EACCES, mkdir '/usr/local/lib/node_modules/eslint'
49 error  { [Error: EACCES, mkdir '/usr/local/lib/node_modules/eslint']
49 error   errno: 3,
49 error   code: 'EACCES',
49 error   path: '/usr/local/lib/node_modules/eslint',
49 error   fstream_type: 'Directory',
49 error   fstream_path: '/usr/local/lib/node_modules/eslint',
49 error   fstream_class: 'DirWriter',
49 error   fstream_stack:
49 error    [ '/usr/local/lib/node_modules/npm/node_modules/fstream/lib/dir-writer.js:36:23',
49 error      '/usr/local/lib/node_modules/npm/node_modules/mkdirp/index.js:46:53',
49 error      'Object.oncomplete (fs.js:108:15)' ] }
50 error Please try running this command again as root/Administrator.
51 error System Darwin 14.0.0
52 error command "node" "/usr/local/bin/npm" "install" "-g" "eslint"
53 error cwd /Users/sullivanvalaer/bloc-jams
54 error node -v v0.10.35
55 error npm -v 1.4.28
56 error path /usr/local/lib/node_modules/eslint
57 error fstream_path /usr/local/lib/node_modules/eslint
58 error fstream_type Directory
59 error fstream_class DirWriter
60 error code EACCES
61 error errno 3
62 error stack Error: EACCES, mkdir '/usr/local/lib/node_modules/eslint'
63 error fstream_stack /usr/local/lib/node_modules/npm/node_modules/fstream/lib/dir-writer.js:36:23
63 error fstream_stack /usr/local/lib/node_modules/npm/node_modules/mkdirp/index.js:46:53
63 error fstream_stack Object.oncomplete (fs.js:108:15)
64 verbose exit [ 3, true ]
